5:20:20 PM  [main] 	Initializing Control Panel
5:20:20 PM  [main] 	Windows Version: Windows 8  64-bit
5:20:20 PM  [main] 	XAMPP Version: 5.6.14
5:20:20 PM  [main] 	Control Panel Version: 3.2.1  [ Compiled: May 7th 2013 ]
5:20:20 PM  [main] 	You are not running with administrator rights! This will work for
5:20:20 PM  [main] 	most application stuff but whenever you do something with services
5:20:20 PM  [main] 	there will be a security dialogue or things will break! So think 
5:20:20 PM  [main] 	about running this application with administrator rights!
5:20:20 PM  [main] 	XAMPP Installation Directory: "d:\xampp\"
5:20:20 PM  [main] 	Checking for prerequisites
5:20:20 PM  [main] 	All prerequisites found
5:20:20 PM  [main] 	Initializing Modules
5:20:20 PM  [Apache] 	Problem detected!
5:20:20 PM  [Apache] 	Port 80 in use by "Unable to open process" with PID 5980!
5:20:20 PM  [Apache] 	Apache WILL NOT start without the configured ports free!
5:20:20 PM  [Apache] 	You need to uninstall/disable/reconfigure the blocking application
5:20:20 PM  [Apache] 	or reconfigure Apache and the Control Panel to listen on a different port
5:20:20 PM  [Apache] 	Problem detected!
5:20:20 PM  [Apache] 	Port 443 in use by "Unable to open process" with PID 5980!
5:20:20 PM  [Apache] 	Apache WILL NOT start without the configured ports free!
5:20:20 PM  [Apache] 	You need to uninstall/disable/reconfigure the blocking application
5:20:20 PM  [Apache] 	or reconfigure Apache and the Control Panel to listen on a different port
5:20:20 PM  [mysql] 	Problem detected!
5:20:20 PM  [mysql] 	Port 3306 in use by "C:\xampp\mysql\bin\mysqld.exe"!
5:20:20 PM  [mysql] 	MySQL WILL NOT start without the configured ports free!
5:20:20 PM  [mysql] 	You need to uninstall/disable/reconfigure the blocking application
5:20:20 PM  [mysql] 	or reconfigure MySQL and the Control Panel to listen on a different port
5:20:20 PM  [main] 	Starting Check-Timer
5:20:20 PM  [main] 	Control Panel Ready
5:20:24 PM  [Apache] 	Problem detected!
5:20:24 PM  [Apache] 	Port 80 in use by "Unable to open process" with PID 5980!
5:20:24 PM  [Apache] 	Apache WILL NOT start without the configured ports free!
5:20:24 PM  [Apache] 	You need to uninstall/disable/reconfigure the blocking application
5:20:24 PM  [Apache] 	or reconfigure Apache and the Control Panel to listen on a different port
5:20:24 PM  [Apache] 	Problem detected!
5:20:24 PM  [Apache] 	Port 443 in use by "Unable to open process" with PID 5980!
5:20:24 PM  [Apache] 	Apache WILL NOT start without the configured ports free!
5:20:24 PM  [Apache] 	You need to uninstall/disable/reconfigure the blocking application
5:20:24 PM  [Apache] 	or reconfigure Apache and the Control Panel to listen on a different port
5:20:24 PM  [Apache] 	Attempting to start Apache app...
5:20:24 PM  [Apache] 	Status change detected: running
5:20:26 PM  [Apache] 	Status change detected: stopped
5:20:26 PM  [Apache] 	Error: Apache shutdown unexpectedly.
5:20:26 PM  [Apache] 	This may be due to a blocked port, missing dependencies, 
5:20:26 PM  [Apache] 	improper privileges, a crash, or a shutdown by another method.
5:20:26 PM  [Apache] 	Press the Logs button to view error logs and check
5:20:26 PM  [Apache] 	the Windows Event Viewer for more clues
5:20:26 PM  [Apache] 	If you need more help, copy and post this
5:20:26 PM  [Apache] 	entire log window on the forums
5:20:42 PM  [Apache] 	Attempting to start Apache app...
5:20:42 PM  [Apache] 	Status change detected: running
5:20:49 PM  [mysql] 	Problem detected!
5:20:49 PM  [mysql] 	Port 3306 in use by "C:\xampp\mysql\bin\mysqld.exe"!
5:20:49 PM  [mysql] 	MySQL WILL NOT start without the configured ports free!
5:20:49 PM  [mysql] 	You need to uninstall/disable/reconfigure the blocking application
5:20:49 PM  [mysql] 	or reconfigure MySQL and the Control Panel to listen on a different port
5:20:49 PM  [mysql] 	Attempting to start MySQL app...
5:20:49 PM  [mysql] 	Status change detected: running
5:20:54 PM  [mysql] 	Status change detected: stopped
5:20:54 PM  [mysql] 	Error: MySQL shutdown unexpectedly.
5:20:54 PM  [mysql] 	This may be due to a blocked port, missing dependencies, 
5:20:54 PM  [mysql] 	improper privileges, a crash, or a shutdown by another method.
5:20:54 PM  [mysql] 	Press the Logs button to view error logs and check
5:20:54 PM  [mysql] 	the Windows Event Viewer for more clues
5:20:54 PM  [mysql] 	If you need more help, copy and post this
5:20:54 PM  [mysql] 	entire log window on the forums
5:21:19 PM  [mysql] 	Attempting to start MySQL app...
5:21:19 PM  [mysql] 	Status change detected: running
5:34:46 PM  [Apache] 	Attempting to stop Apache (PID: 2560)
5:34:46 PM  [Apache] 	Attempting to stop Apache (PID: 3868)
5:34:46 PM  [Apache] 	Status change detected: stopped
5:34:47 PM  [Apache] 	Attempting to start Apache app...
5:34:48 PM  [Apache] 	Status change detected: running
5:40:08 PM  [Apache] 	Attempting to stop Apache (PID: 5792)
5:40:08 PM  [Apache] 	Attempting to stop Apache (PID: 6596)
5:40:08 PM  [Apache] 	Status change detected: stopped
5:40:10 PM  [Apache] 	Attempting to start Apache app...
5:40:10 PM  [Apache] 	Status change detected: running
5:45:17 PM  [Apache] 	Attempting to stop Apache (PID: 5596)
5:45:17 PM  [Apache] 	Attempting to stop Apache (PID: 1600)
5:45:17 PM  [Apache] 	Status change detected: stopped
5:45:19 PM  [mysql] 	Attempting to stop MySQL (PID: 2724)
5:45:19 PM  [mysql] 	Status change detected: stopped
5:45:22 PM  [mysql] 	Attempting to start MySQL app...
5:45:22 PM  [mysql] 	Status change detected: running
5:45:25 PM  [Apache] 	Attempting to start Apache app...
5:45:25 PM  [Apache] 	Status change detected: running
5:46:43 PM  [mercury] 	Attempting to start Mercury app...
5:46:43 PM  [mercury] 	Status change detected: running
5:49:35 PM  [mercury] 	Attempting to stop Mercury (PID: 2820)
5:49:36 PM  [mercury] 	Status change detected: stopped
5:49:37 PM  [Apache] 	Attempting to stop Apache (PID: 5484)
5:49:37 PM  [Apache] 	Attempting to stop Apache (PID: 4284)
5:49:37 PM  [Apache] 	Status change detected: stopped
5:49:38 PM  [Apache] 	Attempting to start Apache app...
5:49:38 PM  [Apache] 	Status change detected: running
5:51:57 PM  [Apache] 	Attempting to stop Apache (PID: 8716)
5:51:57 PM  [Apache] 	Attempting to stop Apache (PID: 6480)
5:51:57 PM  [Apache] 	Status change detected: stopped
5:51:58 PM  [Apache] 	Attempting to start Apache app...
5:51:58 PM  [Apache] 	Status change detected: running
5:57:27 PM  [main] 	Deinitializing Modules
5:57:27 PM  [main] 	Deinitializing Control Panel

5:57:34 PM  [main] 	Initializing Control Panel
5:57:34 PM  [main] 	Windows Version: Windows 8  64-bit
5:57:34 PM  [main] 	XAMPP Version: 5.6.14
5:57:34 PM  [main] 	Control Panel Version: 3.2.1  [ Compiled: May 7th 2013 ]
5:57:34 PM  [main] 	You are not running with administrator rights! This will work for
5:57:34 PM  [main] 	most application stuff but whenever you do something with services
5:57:34 PM  [main] 	there will be a security dialogue or things will break! So think 
5:57:34 PM  [main] 	about running this application with administrator rights!
5:57:34 PM  [main] 	XAMPP Installation Directory: "d:\xampp\"
5:57:34 PM  [main] 	Checking for prerequisites
5:57:34 PM  [main] 	All prerequisites found
5:57:34 PM  [main] 	Initializing Modules
5:57:34 PM  [Apache] 	XAMPP Apache is already running on port 80
5:57:34 PM  [Apache] 	XAMPP Apache is already running on port 443
5:57:34 PM  [mysql] 	XAMPP MySQL is already running on port 3306
5:57:34 PM  [main] 	Starting Check-Timer
5:57:34 PM  [main] 	Control Panel Ready
5:57:36 PM  [Apache] 	Attempting to stop Apache (PID: 696)
5:57:36 PM  [Apache] 	Attempting to stop Apache (PID: 5076)
5:57:37 PM  [Apache] 	Status change detected: stopped
5:57:38 PM  [mysql] 	Attempting to stop MySQL (PID: 6672)
5:57:38 PM  [mysql] 	Status change detected: stopped
5:57:40 PM  [main] 	Deinitializing Modules
5:57:40 PM  [main] 	Deinitializing Control Panel

5:57:45 PM  [main] 	Initializing Control Panel
5:57:45 PM  [main] 	Windows Version: Windows 8  64-bit
5:57:45 PM  [main] 	XAMPP Version: 5.6.14
5:57:45 PM  [main] 	Control Panel Version: 3.2.1  [ Compiled: May 7th 2013 ]
5:57:45 PM  [main] 	You are not running with administrator rights! This will work for
5:57:45 PM  [main] 	most application stuff but whenever you do something with services
5:57:45 PM  [main] 	there will be a security dialogue or things will break! So think 
5:57:45 PM  [main] 	about running this application with administrator rights!
5:57:45 PM  [main] 	XAMPP Installation Directory: "d:\xampp\"
5:57:45 PM  [main] 	Checking for prerequisites
5:57:45 PM  [main] 	All prerequisites found
5:57:45 PM  [main] 	Initializing Modules
5:57:45 PM  [main] 	Starting Check-Timer
5:57:45 PM  [main] 	Control Panel Ready
5:57:47 PM  [Apache] 	Attempting to start Apache app...
5:57:47 PM  [Apache] 	Status change detected: running
5:57:53 PM  [mysql] 	Attempting to start MySQL app...
5:57:53 PM  [mysql] 	Status change detected: running
6:03:42 PM  [mysql] 	Attempting to stop MySQL (PID: 8860)
6:03:42 PM  [mysql] 	Status change detected: stopped
6:03:50 PM  [mysql] 	Attempting to start MySQL app...
6:03:50 PM  [mysql] 	Status change detected: running
6:10:53 PM  [mysql] 	Attempting to stop MySQL (PID: 700)
6:10:53 PM  [mysql] 	Status change detected: stopped
6:11:08 PM  [mysql] 	Attempting to start MySQL app...
6:11:09 PM  [mysql] 	Status change detected: running
6:19:14 PM  [mysql] 	Attempting to stop MySQL (PID: 4588)
6:19:14 PM  [mysql] 	Status change detected: stopped
6:19:15 PM  [Apache] 	Attempting to stop Apache (PID: 6468)
6:19:15 PM  [Apache] 	Attempting to stop Apache (PID: 6404)
6:19:15 PM  [Apache] 	Status change detected: stopped
6:19:20 PM  [main] 	Deinitializing Modules
6:19:20 PM  [main] 	Deinitializing Control Panel

6:21:06 PM  [main] 	Initializing Control Panel
6:21:06 PM  [main] 	Windows Version: Windows 8  64-bit
6:21:06 PM  [main] 	XAMPP Version: 5.6.14
6:21:06 PM  [main] 	Control Panel Version: 3.2.1  [ Compiled: May 7th 2013 ]
6:21:06 PM  [main] 	You are not running with administrator rights! This will work for
6:21:06 PM  [main] 	most application stuff but whenever you do something with services
6:21:06 PM  [main] 	there will be a security dialogue or things will break! So think 
6:21:06 PM  [main] 	about running this application with administrator rights!
6:21:06 PM  [main] 	XAMPP Installation Directory: "d:\xampp\"
6:21:06 PM  [main] 	Checking for prerequisites
6:21:06 PM  [main] 	All prerequisites found
6:21:06 PM  [main] 	Initializing Modules
6:21:06 PM  [main] 	Starting Check-Timer
6:21:06 PM  [main] 	Control Panel Ready
6:21:43 PM  [main] 	Deinitializing Modules
6:21:43 PM  [main] 	Deinitializing Control Panel

6:41:21 AM  [main] 	Initializing Control Panel
6:41:21 AM  [main] 	Windows Version: Windows 8  64-bit
6:41:21 AM  [main] 	XAMPP Version: 5.6.14
6:41:21 AM  [main] 	Control Panel Version: 3.2.1  [ Compiled: May 7th 2013 ]
6:41:21 AM  [main] 	You are not running with administrator rights! This will work for
6:41:21 AM  [main] 	most application stuff but whenever you do something with services
6:41:21 AM  [main] 	there will be a security dialogue or things will break! So think 
6:41:21 AM  [main] 	about running this application with administrator rights!
6:41:21 AM  [main] 	XAMPP Installation Directory: "d:\xampp\"
6:41:21 AM  [main] 	Checking for prerequisites
6:41:21 AM  [main] 	All prerequisites found
6:41:21 AM  [main] 	Initializing Modules
6:41:21 AM  [Apache] 	Problem detected!
6:41:21 AM  [Apache] 	Port 80 in use by "Unable to open process" with PID 2236!
6:41:21 AM  [Apache] 	Apache WILL NOT start without the configured ports free!
6:41:21 AM  [Apache] 	You need to uninstall/disable/reconfigure the blocking application
6:41:21 AM  [Apache] 	or reconfigure Apache and the Control Panel to listen on a different port
6:41:21 AM  [Apache] 	Problem detected!
6:41:21 AM  [Apache] 	Port 443 in use by "Unable to open process" with PID 2236!
6:41:21 AM  [Apache] 	Apache WILL NOT start without the configured ports free!
6:41:21 AM  [Apache] 	You need to uninstall/disable/reconfigure the blocking application
6:41:21 AM  [Apache] 	or reconfigure Apache and the Control Panel to listen on a different port
6:41:21 AM  [mysql] 	Problem detected!
6:41:21 AM  [mysql] 	Port 3306 in use by "Unable to open process"!
6:41:21 AM  [mysql] 	MySQL WILL NOT start without the configured ports free!
6:41:21 AM  [mysql] 	You need to uninstall/disable/reconfigure the blocking application
6:41:21 AM  [mysql] 	or reconfigure MySQL and the Control Panel to listen on a different port
6:41:21 AM  [main] 	Starting Check-Timer
6:41:21 AM  [main] 	Control Panel Ready
6:58:50 AM  [Apache] 	Problem detected!
6:58:50 AM  [Apache] 	Port 80 in use by "Unable to open process" with PID 2236!
6:58:50 AM  [Apache] 	Apache WILL NOT start without the configured ports free!
6:58:50 AM  [Apache] 	You need to uninstall/disable/reconfigure the blocking application
6:58:50 AM  [Apache] 	or reconfigure Apache and the Control Panel to listen on a different port
6:58:50 AM  [Apache] 	Problem detected!
6:58:50 AM  [Apache] 	Port 443 in use by "Unable to open process" with PID 2236!
6:58:50 AM  [Apache] 	Apache WILL NOT start without the configured ports free!
6:58:50 AM  [Apache] 	You need to uninstall/disable/reconfigure the blocking application
6:58:50 AM  [Apache] 	or reconfigure Apache and the Control Panel to listen on a different port
6:58:50 AM  [Apache] 	Attempting to start Apache app...
6:58:51 AM  [Apache] 	Status change detected: running
6:58:55 AM  [Apache] 	Status change detected: stopped
6:58:55 AM  [Apache] 	Error: Apache shutdown unexpectedly.
6:58:55 AM  [Apache] 	This may be due to a blocked port, missing dependencies, 
6:58:55 AM  [Apache] 	improper privileges, a crash, or a shutdown by another method.
6:58:55 AM  [Apache] 	Press the Logs button to view error logs and check
6:58:55 AM  [Apache] 	the Windows Event Viewer for more clues
6:58:55 AM  [Apache] 	If you need more help, copy and post this
6:58:55 AM  [Apache] 	entire log window on the forums
6:59:02 AM  [main] 	Deinitializing Modules
6:59:02 AM  [main] 	Deinitializing Control Panel

6:59:20 AM  [main] 	Initializing Control Panel
6:59:20 AM  [main] 	Windows Version: Windows 8  64-bit
6:59:20 AM  [main] 	XAMPP Version: 5.6.14
6:59:20 AM  [main] 	Control Panel Version: 3.2.1  [ Compiled: May 7th 2013 ]
6:59:20 AM  [main] 	You are not running with administrator rights! This will work for
6:59:20 AM  [main] 	most application stuff but whenever you do something with services
6:59:20 AM  [main] 	there will be a security dialogue or things will break! So think 
6:59:20 AM  [main] 	about running this application with administrator rights!
6:59:20 AM  [main] 	XAMPP Installation Directory: "d:\xampp\"
6:59:20 AM  [main] 	Checking for prerequisites
6:59:20 AM  [main] 	All prerequisites found
6:59:20 AM  [main] 	Initializing Modules
6:59:20 AM  [Apache] 	Problem detected!
6:59:20 AM  [Apache] 	Port 80 in use by "Unable to open process" with PID 2236!
6:59:20 AM  [Apache] 	Apache WILL NOT start without the configured ports free!
6:59:20 AM  [Apache] 	You need to uninstall/disable/reconfigure the blocking application
6:59:20 AM  [Apache] 	or reconfigure Apache and the Control Panel to listen on a different port
6:59:20 AM  [Apache] 	Problem detected!
6:59:20 AM  [Apache] 	Port 443 in use by "Unable to open process" with PID 2236!
6:59:20 AM  [Apache] 	Apache WILL NOT start without the configured ports free!
6:59:20 AM  [Apache] 	You need to uninstall/disable/reconfigure the blocking application
6:59:20 AM  [Apache] 	or reconfigure Apache and the Control Panel to listen on a different port
6:59:20 AM  [mysql] 	Problem detected!
6:59:20 AM  [mysql] 	Port 3306 in use by "Unable to open process"!
6:59:20 AM  [mysql] 	MySQL WILL NOT start without the configured ports free!
6:59:20 AM  [mysql] 	You need to uninstall/disable/reconfigure the blocking application
6:59:20 AM  [mysql] 	or reconfigure MySQL and the Control Panel to listen on a different port
6:59:20 AM  [main] 	Starting Check-Timer
6:59:20 AM  [main] 	Control Panel Ready
6:59:21 AM  [Apache] 	Problem detected!
6:59:21 AM  [Apache] 	Port 80 in use by "Unable to open process" with PID 2236!
6:59:21 AM  [Apache] 	Apache WILL NOT start without the configured ports free!
6:59:21 AM  [Apache] 	You need to uninstall/disable/reconfigure the blocking application
6:59:21 AM  [Apache] 	or reconfigure Apache and the Control Panel to listen on a different port
6:59:21 AM  [Apache] 	Problem detected!
6:59:21 AM  [Apache] 	Port 443 in use by "Unable to open process" with PID 2236!
6:59:21 AM  [Apache] 	Apache WILL NOT start without the configured ports free!
6:59:21 AM  [Apache] 	You need to uninstall/disable/reconfigure the blocking application
6:59:21 AM  [Apache] 	or reconfigure Apache and the Control Panel to listen on a different port
6:59:21 AM  [Apache] 	Attempting to start Apache app...
6:59:21 AM  [Apache] 	Status change detected: running
6:59:22 AM  [Apache] 	Status change detected: stopped
6:59:22 AM  [Apache] 	Error: Apache shutdown unexpectedly.
6:59:22 AM  [Apache] 	This may be due to a blocked port, missing dependencies, 
6:59:22 AM  [Apache] 	improper privileges, a crash, or a shutdown by another method.
6:59:22 AM  [Apache] 	Press the Logs button to view error logs and check
6:59:22 AM  [Apache] 	the Windows Event Viewer for more clues
6:59:22 AM  [Apache] 	If you need more help, copy and post this
6:59:22 AM  [Apache] 	entire log window on the forums
6:59:54 AM  [main] 	Deinitializing Modules
6:59:54 AM  [main] 	Deinitializing Control Panel

6:59:39 AM  [main] 	Initializing Control Panel
6:59:39 AM  [main] 	Windows Version: Windows 8  64-bit
6:59:39 AM  [main] 	XAMPP Version: 5.6.14
6:59:39 AM  [main] 	Control Panel Version: 3.2.1  [ Compiled: May 7th 2013 ]
6:59:39 AM  [main] 	Running with Administrator rights - good!
6:59:39 AM  [main] 	XAMPP Installation Directory: "d:\xampp\"
6:59:39 AM  [main] 	Checking for prerequisites
6:59:39 AM  [main] 	All prerequisites found
6:59:39 AM  [main] 	Initializing Modules
6:59:39 AM  [Apache] 	Problem detected!
6:59:39 AM  [Apache] 	Port 80 in use by "Unable to get info" with PID 2236!
6:59:39 AM  [Apache] 	Apache WILL NOT start without the configured ports free!
6:59:39 AM  [Apache] 	You need to uninstall/disable/reconfigure the blocking application
6:59:39 AM  [Apache] 	or reconfigure Apache and the Control Panel to listen on a different port
6:59:39 AM  [Apache] 	Problem detected!
6:59:39 AM  [Apache] 	Port 443 in use by "Unable to get info" with PID 2236!
6:59:39 AM  [Apache] 	Apache WILL NOT start without the configured ports free!
6:59:39 AM  [Apache] 	You need to uninstall/disable/reconfigure the blocking application
6:59:39 AM  [Apache] 	or reconfigure Apache and the Control Panel to listen on a different port
6:59:39 AM  [mysql] 	Problem detected!
6:59:39 AM  [mysql] 	Port 3306 in use by "Unable to get info"!
6:59:39 AM  [mysql] 	MySQL WILL NOT start without the configured ports free!
6:59:39 AM  [mysql] 	You need to uninstall/disable/reconfigure the blocking application
6:59:39 AM  [mysql] 	or reconfigure MySQL and the Control Panel to listen on a different port
6:59:39 AM  [main] 	Starting Check-Timer
6:59:39 AM  [main] 	Control Panel Ready
6:59:48 AM  [Apache] 	Problem detected!
6:59:48 AM  [Apache] 	Port 80 in use by "Unable to get info" with PID 2236!
6:59:48 AM  [Apache] 	Apache WILL NOT start without the configured ports free!
6:59:48 AM  [Apache] 	You need to uninstall/disable/reconfigure the blocking application
6:59:48 AM  [Apache] 	or reconfigure Apache and the Control Panel to listen on a different port
6:59:48 AM  [Apache] 	Problem detected!
6:59:48 AM  [Apache] 	Port 443 in use by "Unable to get info" with PID 2236!
6:59:48 AM  [Apache] 	Apache WILL NOT start without the configured ports free!
6:59:48 AM  [Apache] 	You need to uninstall/disable/reconfigure the blocking application
6:59:48 AM  [Apache] 	or reconfigure Apache and the Control Panel to listen on a different port
6:59:48 AM  [Apache] 	Attempting to start Apache app...
6:59:48 AM  [Apache] 	Status change detected: running
6:59:49 AM  [Apache] 	Status change detected: stopped
6:59:49 AM  [Apache] 	Error: Apache shutdown unexpectedly.
6:59:49 AM  [Apache] 	This may be due to a blocked port, missing dependencies, 
6:59:49 AM  [Apache] 	improper privileges, a crash, or a shutdown by another method.
6:59:49 AM  [Apache] 	Press the Logs button to view error logs and check
6:59:49 AM  [Apache] 	the Windows Event Viewer for more clues
6:59:49 AM  [Apache] 	If you need more help, copy and post this
6:59:49 AM  [Apache] 	entire log window on the forums
6:59:55 AM  [main] 	Deinitializing Modules
6:59:55 AM  [main] 	Deinitializing Control Panel

7:00:27 AM  [main] 	Initializing Control Panel
7:00:27 AM  [main] 	Windows Version: Windows 8  64-bit
7:00:27 AM  [main] 	XAMPP Version: 5.6.14
7:00:27 AM  [main] 	Control Panel Version: 3.2.1  [ Compiled: May 7th 2013 ]
7:00:27 AM  [main] 	Running with Administrator rights - good!
7:00:27 AM  [main] 	XAMPP Installation Directory: "d:\xampp\"
7:00:27 AM  [main] 	Checking for prerequisites
7:00:27 AM  [main] 	All prerequisites found
7:00:27 AM  [main] 	Initializing Modules
7:00:28 AM  [Apache] 	Problem detected!
7:00:28 AM  [Apache] 	Port 80 in use by "Unable to get info" with PID 2236!
7:00:28 AM  [Apache] 	Apache WILL NOT start without the configured ports free!
7:00:28 AM  [Apache] 	You need to uninstall/disable/reconfigure the blocking application
7:00:28 AM  [Apache] 	or reconfigure Apache and the Control Panel to listen on a different port
7:00:28 AM  [Apache] 	Problem detected!
7:00:28 AM  [Apache] 	Port 443 in use by "Unable to get info" with PID 2236!
7:00:28 AM  [Apache] 	Apache WILL NOT start without the configured ports free!
7:00:28 AM  [Apache] 	You need to uninstall/disable/reconfigure the blocking application
7:00:28 AM  [Apache] 	or reconfigure Apache and the Control Panel to listen on a different port
7:00:28 AM  [mysql] 	Problem detected!
7:00:28 AM  [mysql] 	Port 3306 in use by "Unable to get info"!
7:00:28 AM  [mysql] 	MySQL WILL NOT start without the configured ports free!
7:00:28 AM  [mysql] 	You need to uninstall/disable/reconfigure the blocking application
7:00:28 AM  [mysql] 	or reconfigure MySQL and the Control Panel to listen on a different port
7:00:28 AM  [main] 	Starting Check-Timer
7:00:28 AM  [main] 	Control Panel Ready
7:00:30 AM  [Apache] 	Problem detected!
7:00:30 AM  [Apache] 	Port 80 in use by "Unable to get info" with PID 2236!
7:00:30 AM  [Apache] 	Apache WILL NOT start without the configured ports free!
7:00:30 AM  [Apache] 	You need to uninstall/disable/reconfigure the blocking application
7:00:30 AM  [Apache] 	or reconfigure Apache and the Control Panel to listen on a different port
7:00:30 AM  [Apache] 	Problem detected!
7:00:30 AM  [Apache] 	Port 443 in use by "Unable to get info" with PID 2236!
7:00:30 AM  [Apache] 	Apache WILL NOT start without the configured ports free!
7:00:30 AM  [Apache] 	You need to uninstall/disable/reconfigure the blocking application
7:00:30 AM  [Apache] 	or reconfigure Apache and the Control Panel to listen on a different port
7:00:30 AM  [Apache] 	Attempting to start Apache app...
7:00:30 AM  [Apache] 	Status change detected: running
7:00:31 AM  [Apache] 	Status change detected: stopped
7:00:31 AM  [Apache] 	Error: Apache shutdown unexpectedly.
7:00:31 AM  [Apache] 	This may be due to a blocked port, missing dependencies, 
7:00:31 AM  [Apache] 	improper privileges, a crash, or a shutdown by another method.
7:00:31 AM  [Apache] 	Press the Logs button to view error logs and check
7:00:31 AM  [Apache] 	the Windows Event Viewer for more clues
7:00:31 AM  [Apache] 	If you need more help, copy and post this
7:00:31 AM  [Apache] 	entire log window on the forums
7:00:50 AM  [main] 	Executing "d:\xampp\apache\logs"
7:01:13 AM  [main] 	Deinitializing Modules
7:01:13 AM  [main] 	Deinitializing Control Panel

